"2021-07-01 [http-nio-9090-exec-3] DEBUG o.s.web.servlet.DispatcherServlet - POST "/api/users", parameters={}
""2021-07-01 [http-nio-9090-exec-3] DEBUG o.s.w.s.m.m.a.RequestMappingHandlerMapping - Mapped to com.example.Demo.controller.UserController#createUser(UserDTO)
""2021-07-01 [http-nio-9090-exec-3] INFO  c.e.Demo.CustomRequestInterceptor - Request URL::POSThttp://localhost:9090/api/users:: Start Time=2021-07-01T12:22:18.113643Z
""2021-07-01 [http-nio-9090-exec-3] DEBUG o.s.w.s.m.m.a.RequestResponseBodyMethodProcessor - Read "application/json;charset=UTF-8" to [com.example.Demo.dto.UserDTO@28aef580]
""2021-07-01 [http-nio-9090-exec-3] INFO  c.e.Demo.controller.UserController - Inside UserController :: createUser() 
""2021-07-01 [http-nio-9090-exec-3] DEBUG o.s.w.s.m.m.a.HttpEntityMethodProcessor - Using 'application/json', given [*/*] and supported [application/json]
""2021-07-01 [http-nio-9090-exec-3] DEBUG o.s.w.s.m.m.a.HttpEntityMethodProcessor - Writing ["User[ userId=2,firstName=Sergey,lastName=Kargopolov,email=test@abc.com]"]
""2021-07-01 [http-nio-9090-exec-3] INFO  c.e.Demo.CustomRequestInterceptor - Request URL::POSThttp://localhost:9090/api/users:: Time Taken=9
""2021-07-01 [http-nio-9090-exec-3] DEBUG o.s.web.servlet.DispatcherServlet - Completed 201 CREATED
""2021-07-01 [Thread-161] INFO  o.s.o.j.LocalContainerEntityManagerFactoryBean - Closing JPA EntityManagerFactory for persistence unit 'default'
""2021-07-01 [Thread-161] INFO  o.h.t.s.i.SchemaDropperImpl$DelayedDropActionImpl - HHH000477: Starting delayed evictData of schema as part of SessionFactory shut-down'
""2021-07-01 [Thread-161] WARN  o.s.b.f.s.DisposableBeanAdapter - Invocation of destroy method failed on bean with name 'inMemoryDatabaseShutdownExecutor': org.h2.jdbc.JdbcSQLNonTransientConnectionException: Database is already closed (to disable automatic closing at VM shutdown, add ";DB_CLOSE_ON_EXIT=FALSE" to the db URL) [90121-200]
""2021-07-01 [Thread-161] INFO  com.zaxxer.hikari.HikariDataSource - HikariPool-41 - Shutdown initiated...
""2021-07-01 [Thread-161] INFO  com.zaxxer.hikari.HikariDataSource - HikariPool-41 - Shutdown completed.
""2021-07-01 [restartedMain] INFO  com.example.Demo.DemoApplication - Starting DemoApplication using Java 11.0.11 on idea-PC with PID 11348 (D:\Demo\target\classes started by LENOVO in D:\Demo)
""2021-07-01 [restartedMain] INFO  com.example.Demo.DemoApplication - No active profile set, falling back to default profiles: default
""2021-07-01 [restartedMain] INFO  o.s.d.r.c.RepositoryConfigurationDelegate - Bootstrapping Spring Data JPA repositories in DEFAULT mode.
""2021-07-01 [restartedMain] INFO  o.s.d.r.c.RepositoryConfigurationDelegate - Finished Spring Data repository scanning in 25 ms. Found 1 JPA repository interfaces.
""2021-07-01 [restartedMain] INFO  o.s.b.w.e.tomcat.TomcatWebServer - Tomcat initialized with port(s): 9090 (http)
""2021-07-01 [restartedMain] INFO  o.a.catalina.core.StandardService - Starting service [Tomcat]
""2021-07-01 [restartedMain] INFO  o.a.catalina.core.StandardEngine - Starting Servlet engine: [Apache Tomcat/9.0.48]
""2021-07-01 [restartedMain] INFO  o.a.c.c.C.[Tomcat-3].[localhost].[/] - Initializing Spring embedded WebApplicationContext
""2021-07-01 [restartedMain] INFO  o.s.b.w.s.c.ServletWebServerApplicationContext - Root WebApplicationContext: initialization completed in 820 ms
""2021-07-01 [restartedMain] INFO  com.zaxxer.hikari.HikariDataSource - HikariPool-42 - Starting...
""2021-07-01 [restartedMain] INFO  com.zaxxer.hikari.HikariDataSource - HikariPool-42 - Start completed.
""2021-07-01 [restartedMain] INFO  o.s.b.a.h.H2ConsoleAutoConfiguration - H2 console available at '/h2-console'. Database available at 'jdbc:h2:mem:testdb'
""2021-07-01 [restartedMain] INFO  o.h.jpa.internal.util.LogHelper - HHH000204: Processing PersistenceUnitInfo [name: default]
""2021-07-01 [restartedMain] INFO  org.hibernate.dialect.Dialect - HHH000400: Using dialect: org.hibernate.dialect.H2Dialect
""2021-07-01 [restartedMain] INFO  o.h.e.t.j.p.i.JtaPlatformInitiator - HHH000490: Using JtaPlatform implementation: [org.hibernate.engine.transaction.jta.platform.internal.NoJtaPlatform]
""2021-07-01 [restartedMain] INFO  o.s.o.j.LocalContainerEntityManagerFactoryBean - Initialized JPA EntityManagerFactory for persistence unit 'default'
""2021-07-01 [restartedMain] WARN  o.s.b.a.o.j.JpaBaseConfiguration$JpaWebConfiguration - spring.jpa.open-in-view is enabled by default. Therefore, database queries may be performed during view rendering. Explicitly configure spring.jpa.open-in-view to disable this warning
""2021-07-01 [restartedMain] DEBUG o.s.w.s.m.m.a.RequestMappingHandlerAdapter - ControllerAdvice beans: 0 @ModelAttribute, 0 @InitBinder, 1 RequestBodyAdvice, 1 ResponseBodyAdvice
""2021-07-01 [restartedMain] DEBUG o.s.w.s.m.m.a.RequestMappingHandlerMapping - 6 mappings in 'requestMappingHandlerMapping'
""2021-07-01 [restartedMain] DEBUG o.s.w.s.h.SimpleUrlHandlerMapping - Patterns [/webjars/**, /**] in 'resourceHandlerMapping'
""2021-07-01 [restartedMain] DEBUG o.s.w.s.m.m.a.ExceptionHandlerExceptionResolver - ControllerAdvice beans: 1 @ExceptionHandler, 1 ResponseBodyAdvice
""2021-07-01 [restartedMain] INFO  o.s.b.d.a.OptionalLiveReloadServer - LiveReload server is running on port 35729
""2021-07-01 [restartedMain] INFO  o.s.b.a.e.web.EndpointLinksResolver - Exposing 1 endpoint(s) beneath base path '/actuator'
""2021-07-01 [restartedMain] INFO  o.s.b.w.e.tomcat.TomcatWebServer - Tomcat started on port(s): 9090 (http) with context path ''
""2021-07-01 [restartedMain] INFO  com.example.Demo.DemoApplication - Started DemoApplication in 1.489 seconds (JVM running for 4743.814)
""2021-07-01 [restartedMain] INFO  o.s.b.d.a.ConditionEvaluationDeltaLoggingListener - Condition evaluation unchanged
""2021-07-01 [Thread-165] INFO  o.s.o.j.LocalContainerEntityManagerFactoryBean - Closing JPA EntityManagerFactory for persistence unit 'default'
""2021-07-01 [Thread-165] INFO  o.h.t.s.i.SchemaDropperImpl$DelayedDropActionImpl - HHH000477: Starting delayed evictData of schema as part of SessionFactory shut-down'
""2021-07-01 [Thread-165] WARN  o.s.b.f.s.DisposableBeanAdapter - Invocation of destroy method failed on bean with name 'inMemoryDatabaseShutdownExecutor': org.h2.jdbc.JdbcSQLNonTransientConnectionException: Database is already closed (to disable automatic closing at VM shutdown, add ";DB_CLOSE_ON_EXIT=FALSE" to the db URL) [90121-200]
""2021-07-01 [Thread-165] INFO  com.zaxxer.hikari.HikariDataSource - HikariPool-42 - Shutdown initiated...
""2021-07-01 [Thread-165] INFO  com.zaxxer.hikari.HikariDataSource - HikariPool-42 - Shutdown completed.
""2021-07-01 [restartedMain] INFO  com.example.Demo.DemoApplication - Starting DemoApplication using Java 11.0.11 on idea-PC with PID 11348 (D:\Demo\target\classes started by LENOVO in D:\Demo)
""2021-07-01 [restartedMain] INFO  com.example.Demo.DemoApplication - No active profile set, falling back to default profiles: default
""2021-07-01 [restartedMain] INFO  o.s.d.r.c.RepositoryConfigurationDelegate - Bootstrapping Spring Data JPA repositories in DEFAULT mode.
""2021-07-01 [restartedMain] INFO  o.s.d.r.c.RepositoryConfigurationDelegate - Finished Spring Data repository scanning in 8 ms. Found 1 JPA repository interfaces.
""2021-07-01 [restartedMain] INFO  o.s.b.w.e.tomcat.TomcatWebServer - Tomcat initialized with port(s): 9090 (http)
""2021-07-01 [restartedMain] INFO  o.a.catalina.core.StandardService - Starting service [Tomcat]
""2021-07-01 [restartedMain] INFO  o.a.catalina.core.StandardEngine - Starting Servlet engine: [Apache Tomcat/9.0.48]
""2021-07-01 [restartedMain] INFO  o.a.c.c.C.[Tomcat-3].[localhost].[/] - Initializing Spring embedded WebApplicationContext
""2021-07-01 [restartedMain] INFO  o.s.b.w.s.c.ServletWebServerApplicationContext - Root WebApplicationContext: initialization completed in 514 ms
""2021-07-01 [restartedMain] INFO  com.zaxxer.hikari.HikariDataSource - HikariPool-43 - Starting...
""2021-07-01 [restartedMain] INFO  com.zaxxer.hikari.HikariDataSource - HikariPool-43 - Start completed.
""2021-07-01 [restartedMain] INFO  o.s.b.a.h.H2ConsoleAutoConfiguration - H2 console available at '/h2-console'. Database available at 'jdbc:h2:mem:testdb'
""2021-07-01 [restartedMain] INFO  o.h.jpa.internal.util.LogHelper - HHH000204: Processing PersistenceUnitInfo [name: default]
""2021-07-01 [restartedMain] INFO  org.hibernate.dialect.Dialect - HHH000400: Using dialect: org.hibernate.dialect.H2Dialect
""2021-07-01 [restartedMain] INFO  o.h.e.t.j.p.i.JtaPlatformInitiator - HHH000490: Using JtaPlatform implementation: [org.hibernate.engine.transaction.jta.platform.internal.NoJtaPlatform]
""2021-07-01 [restartedMain] INFO  o.s.o.j.LocalContainerEntityManagerFactoryBean - Initialized JPA EntityManagerFactory for persistence unit 'default'
""2021-07-01 [restartedMain] WARN  o.s.b.a.o.j.JpaBaseConfiguration$JpaWebConfiguration - spring.jpa.open-in-view is enabled by default. Therefore, database queries may be performed during view rendering. Explicitly configure spring.jpa.open-in-view to disable this warning
""2021-07-01 [restartedMain] DEBUG o.s.w.s.m.m.a.RequestMappingHandlerAdapter - ControllerAdvice beans: 0 @ModelAttribute, 0 @InitBinder, 1 RequestBodyAdvice, 1 ResponseBodyAdvice
""2021-07-01 [restartedMain] DEBUG o.s.w.s.m.m.a.RequestMappingHandlerMapping - 6 mappings in 'requestMappingHandlerMapping'
""2021-07-01 [restartedMain] DEBUG o.s.w.s.h.SimpleUrlHandlerMapping - Patterns [/webjars/**, /**] in 'resourceHandlerMapping'
""2021-07-01 [restartedMain] DEBUG o.s.w.s.m.m.a.ExceptionHandlerExceptionResolver - ControllerAdvice beans: 1 @ExceptionHandler, 1 ResponseBodyAdvice
""2021-07-01 [restartedMain] INFO  o.s.b.d.a.OptionalLiveReloadServer - LiveReload server is running on port 35729
""2021-07-01 [restartedMain] INFO  o.s.b.a.e.web.EndpointLinksResolver - Exposing 1 endpoint(s) beneath base path '/actuator'
""2021-07-01 [restartedMain] INFO  o.s.b.w.e.tomcat.TomcatWebServer - Tomcat started on port(s): 9090 (http) with context path ''
""2021-07-01 [restartedMain] INFO  com.example.Demo.DemoApplication - Started DemoApplication in 1.066 seconds (JVM running for 4746.731)
""2021-07-01 [restartedMain] INFO  o.s.b.d.a.ConditionEvaluationDeltaLoggingListener - Condition evaluation unchanged
""2021-07-01 [http-nio-9090-exec-2] INFO  o.a.c.c.C.[Tomcat-3].[localhost].[/] - Initializing Spring DispatcherServlet 'dispatcherServlet'
""2021-07-01 [http-nio-9090-exec-2] INFO  o.s.web.servlet.DispatcherServlet - Initializing Servlet 'dispatcherServlet'
""2021-07-01 [http-nio-9090-exec-2] DEBUG o.s.web.servlet.DispatcherServlet - Detected StandardServletMultipartResolver
""2021-07-01 [http-nio-9090-exec-2] DEBUG o.s.web.servlet.DispatcherServlet - Detected AcceptHeaderLocaleResolver
""2021-07-01 [http-nio-9090-exec-2] DEBUG o.s.web.servlet.DispatcherServlet - Detected FixedThemeResolver
""2021-07-01 [http-nio-9090-exec-2] DEBUG o.s.web.servlet.DispatcherServlet - Detected org.springframework.web.servlet.view.DefaultRequestToViewNameTranslator@352e46dc
""2021-07-01 [http-nio-9090-exec-2] DEBUG o.s.web.servlet.DispatcherServlet - Detected org.springframework.web.servlet.support.SessionFlashMapManager@16503de6
""2021-07-01 [http-nio-9090-exec-2] DEBUG o.s.web.servlet.DispatcherServlet - enableLoggingRequestDetails='false': request parameters and headers will be masked to prevent unsafe logging of potentially sensitive data
""2021-07-01 [http-nio-9090-exec-2] INFO  o.s.web.servlet.DispatcherServlet - Completed initialization in 1 ms
""2021-07-01 [http-nio-9090-exec-2] DEBUG o.s.web.servlet.DispatcherServlet - POST "/api/users", parameters={}
""2021-07-01 [http-nio-9090-exec-2] DEBUG o.s.w.s.m.m.a.RequestMappingHandlerMapping - Mapped to com.example.Demo.controller.UserController#createUser(UserDTO)
""2021-07-01 [http-nio-9090-exec-2] INFO  c.e.Demo.CustomRequestInterceptor - Request URL:: POST http://localhost:9090/api/users:: Start Time=2021-07-01T12:24:11.420293600Z
""2021-07-01 [http-nio-9090-exec-2] DEBUG o.s.w.s.m.m.a.RequestResponseBodyMethodProcessor - Read "application/json;charset=UTF-8" to [com.example.Demo.dto.UserDTO@52725c5d]
""2021-07-01 [http-nio-9090-exec-2] INFO  c.e.Demo.controller.UserController - Inside UserController :: createUser() 
""2021-07-01 [http-nio-9090-exec-2] DEBUG o.s.w.s.m.m.a.HttpEntityMethodProcessor - Using 'application/json', given [*/*] and supported [application/json]
""2021-07-01 [http-nio-9090-exec-2] DEBUG o.s.w.s.m.m.a.HttpEntityMethodProcessor - Writing ["User[ userId=1,firstName=Sergey,lastName=Kargopolov,email=test@abc.com]"]
""2021-07-01 [http-nio-9090-exec-2] INFO  c.e.Demo.CustomRequestInterceptor - Request URL:: POST http://localhost:9090/api/users:: Time Taken=22
""2021-07-01 [http-nio-9090-exec-2] DEBUG o.s.web.servlet.DispatcherServlet - Completed 201 CREATED
""2021-07-01 [Thread-169] INFO  o.s.o.j.LocalContainerEntityManagerFactoryBean - Closing JPA EntityManagerFactory for persistence unit 'default'
""2021-07-01 [Thread-169] INFO  o.h.t.s.i.SchemaDropperImpl$DelayedDropActionImpl - HHH000477: Starting delayed evictData of schema as part of SessionFactory shut-down'
""2021-07-01 [Thread-169] WARN  o.s.b.f.s.DisposableBeanAdapter - Invocation of destroy method failed on bean with name 'inMemoryDatabaseShutdownExecutor': org.h2.jdbc.JdbcSQLNonTransientConnectionException: Database is already closed (to disable automatic closing at VM shutdown, add ";DB_CLOSE_ON_EXIT=FALSE" to the db URL) [90121-200]
""2021-07-01 [Thread-169] INFO  com.zaxxer.hikari.HikariDataSource - HikariPool-43 - Shutdown initiated...
""2021-07-01 [Thread-169] INFO  com.zaxxer.hikari.HikariDataSource - HikariPool-43 - Shutdown completed.
""2021-07-01 [restartedMain] INFO  com.example.Demo.DemoApplication - Starting DemoApplication using Java 11.0.11 on idea-PC with PID 11348 (D:\Demo\target\classes started by LENOVO in D:\Demo)
""2021-07-01 [restartedMain] INFO  com.example.Demo.DemoApplication - No active profile set, falling back to default profiles: default
""2021-07-01 [restartedMain] INFO  o.s.d.r.c.RepositoryConfigurationDelegate - Bootstrapping Spring Data JPA repositories in DEFAULT mode.
""2021-07-01 [restartedMain] INFO  o.s.d.r.c.RepositoryConfigurationDelegate - Finished Spring Data repository scanning in 12 ms. Found 1 JPA repository interfaces.
""2021-07-01 [restartedMain] INFO  o.s.b.w.e.tomcat.TomcatWebServer - Tomcat initialized with port(s): 9090 (http)
""2021-07-01 [restartedMain] INFO  o.a.catalina.core.StandardService - Starting service [Tomcat]
""2021-07-01 [restartedMain] INFO  o.a.catalina.core.StandardEngine - Starting Servlet engine: [Apache Tomcat/9.0.48]
""2021-07-01 [restartedMain] INFO  o.a.c.c.C.[Tomcat-3].[localhost].[/] - Initializing Spring embedded WebApplicationContext
""2021-07-01 [restartedMain] INFO  o.s.b.w.s.c.ServletWebServerApplicationContext - Root WebApplicationContext: initialization completed in 776 ms
""2021-07-01 [restartedMain] INFO  com.zaxxer.hikari.HikariDataSource - HikariPool-44 - Starting...
""2021-07-01 [restartedMain] INFO  com.zaxxer.hikari.HikariDataSource - HikariPool-44 - Start completed.
""2021-07-01 [restartedMain] INFO  o.s.b.a.h.H2ConsoleAutoConfiguration - H2 console available at '/h2-console'. Database available at 'jdbc:h2:mem:testdb'
"